0 info it worked if it ends with ok
1 verbose cli [ 'node',
1 verbose cli   '/usr/local/bin/npm',
1 verbose cli   'install',
1 verbose cli   '-g',
1 verbose cli   'express-generator' ]
2 info using npm@1.4.28
3 info using node@v0.10.36
4 verbose cache add [ 'express-generator', null ]
5 verbose cache add name=undefined spec="express-generator" args=["express-generator",null]
6 verbose parsed url { protocol: null,
6 verbose parsed url   slashes: null,
6 verbose parsed url   auth: null,
6 verbose parsed url   host: null,
6 verbose parsed url   port: null,
6 verbose parsed url   hostname: null,
6 verbose parsed url   hash: null,
6 verbose parsed url   search: null,
6 verbose parsed url   query: null,
6 verbose parsed url   pathname: 'express-generator',
6 verbose parsed url   path: 'express-generator',
6 verbose parsed url   href: 'express-generator' }
7 silly lockFile 198a68d8-express-generator express-generator
8 verbose lock express-generator /Users/zsjensen/.npm/198a68d8-express-generator.lock
9 silly lockFile 198a68d8-express-generator express-generator
10 silly lockFile 198a68d8-express-generator express-generator
11 verbose addNamed [ 'express-generator', '' ]
12 verbose addNamed [ null, '*' ]
13 silly lockFile bd41e3d3-express-generator express-generator@
14 verbose lock express-generator@ /Users/zsjensen/.npm/bd41e3d3-express-generator.lock
15 silly addNameRange { name: 'express-generator', range: '*', hasData: false }
16 verbose request where is /express-generator
17 verbose request registry https://registry.npmjs.org/
18 verbose request id e62888caf4e350a6
19 verbose url raw /express-generator
20 verbose url resolving [ 'https://registry.npmjs.org/', './express-generator' ]
21 verbose url resolved https://registry.npmjs.org/express-generator
22 verbose request where is https://registry.npmjs.org/express-generator
23 info trying registry request attempt 1 at 20:26:49
24 http GET https://registry.npmjs.org/express-generator
25 http 200 https://registry.npmjs.org/express-generator
26 silly registry.get cb [ 200,
26 silly registry.get   { date: 'Wed, 25 Mar 2015 02:26:50 GMT',
26 silly registry.get     server: 'CouchDB/1.5.0 (Erlang OTP/R16B03)',
26 silly registry.get     etag: '"3TI97QC0GH2OK1K5YNJAOHR21"',
26 silly registry.get     'content-type': 'application/json',
26 silly registry.get     'cache-control': 'max-age=60',
26 silly registry.get     'content-length': '25564',
26 silly registry.get     'accept-ranges': 'bytes',
26 silly registry.get     via: '1.1 varnish',
26 silly registry.get     age: '0',
26 silly registry.get     'x-served-by': 'cache-sjc3130-SJC',
26 silly registry.get     'x-cache': 'HIT',
26 silly registry.get     'x-cache-hits': '1',
26 silly registry.get     'x-timer': 'S1427250410.189608,VS0,VE35',
26 silly registry.get     vary: 'Accept',
26 silly registry.get     'keep-alive': 'timeout=10, max=50',
26 silly registry.get     connection: 'Keep-Alive' } ]
27 silly addNameRange number 2 { name: 'express-generator', range: '*', hasData: true }
28 silly addNameRange versions [ 'express-generator',
28 silly addNameRange   [ '1.0.0',
28 silly addNameRange     '3.0.0',
28 silly addNameRange     '4.0.0',
28 silly addNameRange     '4.2.0',
28 silly addNameRange     '4.8.0',
28 silly addNameRange     '4.9.0',
28 silly addNameRange     '4.10.0',
28 silly addNameRange     '4.11.0',
28 silly addNameRange     '4.11.1',
28 silly addNameRange     '4.11.2',
28 silly addNameRange     '4.12.0',
28 silly addNameRange     '4.12.1' ] ]
29 verbose addNamed [ 'express-generator', '4.12.1' ]
30 verbose addNamed [ '4.12.1', '4.12.1' ]
31 silly lockFile 16199c6b-express-generator-4-12-1 express-generator@4.12.1
32 verbose lock express-generator@4.12.1 /Users/zsjensen/.npm/16199c6b-express-generator-4-12-1.lock
33 silly lockFile ae76c194-tor-express-generator-4-12-1-tgz https://registry.npmjs.org/express-generator/-/express-generator-4.12.1.tgz
34 verbose lock https://registry.npmjs.org/express-generator/-/express-generator-4.12.1.tgz /Users/zsjensen/.npm/ae76c194-tor-express-generator-4-12-1-tgz.lock
35 verbose addRemoteTarball [ 'https://registry.npmjs.org/express-generator/-/express-generator-4.12.1.tgz',
35 verbose addRemoteTarball   '79852114d5fc42b9b8f7690567b155ebdf17a246' ]
36 info retry fetch attempt 1 at 20:26:50
37 verbose fetch to= /var/folders/1n/wsyd9bx56tqgm48xgkm220q40000gn/T/npm-28041-GfGLsHaQ/registry.npmjs.org/express-generator/-/express-generator-4.12.1.tgz
38 http GET https://registry.npmjs.org/express-generator/-/express-generator-4.12.1.tgz
39 http 200 https://registry.npmjs.org/express-generator/-/express-generator-4.12.1.tgz
40 silly lockFile ae76c194-tor-express-generator-4-12-1-tgz https://registry.npmjs.org/express-generator/-/express-generator-4.12.1.tgz
41 silly lockFile ae76c194-tor-express-generator-4-12-1-tgz https://registry.npmjs.org/express-generator/-/express-generator-4.12.1.tgz
42 silly lockFile 16199c6b-express-generator-4-12-1 express-generator@4.12.1
43 silly lockFile 16199c6b-express-generator-4-12-1 express-generator@4.12.1
44 silly lockFile bd41e3d3-express-generator express-generator@
45 silly lockFile bd41e3d3-express-generator express-generator@
46 silly resolved [ { name: 'express-generator',
46 silly resolved     description: 'Express\' application generator',
46 silly resolved     version: '4.12.1',
46 silly resolved     author: { name: 'TJ Holowaychuk', email: 'tj@vision-media.ca' },
46 silly resolved     contributors: [ [Object], [Object], [Object], [Object], [Object], [Object] ],
46 silly resolved     keywords:
46 silly resolved      [ 'express',
46 silly resolved        'framework',
46 silly resolved        'sinatra',
46 silly resolved        'web',
46 silly resolved        'rest',
46 silly resolved        'restful',
46 silly resolved        'router',
46 silly resolved        'app',
46 silly resolved        'api' ],
46 silly resolved     repository: { type: 'git', url: 'https://github.com/expressjs/generator' },
46 silly resolved     license: 'MIT',
46 silly resolved     dependencies: { commander: '2.6.0', mkdirp: '0.5.0', 'sorted-object': '1.0.0' },
46 silly resolved     main: 'bin/express',
46 silly resolved     preferGlobal: true,
46 silly resolved     bin: { express: './bin/express' },
46 silly resolved     devDependencies: { mocha: '~2.1.0', rimraf: '~2.2.8', supertest: '~0.15.0' },
46 silly resolved     engines: { node: '>= 0.10' },
46 silly resolved     files: [ 'LICENSE', 'bin/', 'templates/' ],
46 silly resolved     scripts:
46 silly resolved      { test: 'mocha --reporter spec --bail --check-leaks test/',
46 silly resolved        'test-ci': 'mocha --reporter spec --check-leaks test/' },
46 silly resolved     gitHead: 'd9674537f819db269aa54b241a5436fbbf4f2fe0',
46 silly resolved     bugs: { url: 'https://github.com/expressjs/generator/issues' },
46 silly resolved     homepage: 'https://github.com/expressjs/generator',
46 silly resolved     _id: 'express-generator@4.12.1',
46 silly resolved     _shasum: '79852114d5fc42b9b8f7690567b155ebdf17a246',
46 silly resolved     _from: 'express-generator@',
46 silly resolved     _npmVersion: '1.4.28',
46 silly resolved     _npmUser: { name: 'dougwilson', email: 'doug@somethingdoug.com' },
46 silly resolved     maintainers: [ [Object], [Object], [Object], [Object], [Object], [Object] ],
46 silly resolved     dist:
46 silly resolved      { shasum: '79852114d5fc42b9b8f7690567b155ebdf17a246',
46 silly resolved        tarball: 'http://registry.npmjs.org/express-generator/-/express-generator-4.12.1.tgz' },
46 silly resolved     directories: {},
46 silly resolved     _resolved: 'https://registry.npmjs.org/express-generator/-/express-generator-4.12.1.tgz' } ]
47 info install express-generator@4.12.1 into /usr/local/lib
48 info installOne express-generator@4.12.1
49 verbose lib/node_modules/express-generator unbuild
50 verbose tar unpack /Users/zsjensen/.npm/express-generator/4.12.1/package.tgz
51 silly lockFile 2135fd25-b-node-modules-express-generator tar:///usr/local/lib/node_modules/express-generator
52 verbose lock tar:///usr/local/lib/node_modules/express-generator /Users/zsjensen/.npm/2135fd25-b-node-modules-express-generator.lock
53 silly lockFile 10714a20-ess-generator-4-12-1-package-tgz tar:///Users/zsjensen/.npm/express-generator/4.12.1/package.tgz
54 verbose lock tar:///Users/zsjensen/.npm/express-generator/4.12.1/package.tgz /Users/zsjensen/.npm/10714a20-ess-generator-4-12-1-package-tgz.lock
55 silly gunzTarPerm modes [ '755', '644' ]
56 error Error: EACCES, mkdir '/usr/local/lib/node_modules/express-generator'
56 error  { [Error: EACCES, mkdir '/usr/local/lib/node_modules/express-generator']
56 error   errno: 3,
56 error   code: 'EACCES',
56 error   path: '/usr/local/lib/node_modules/express-generator',
56 error   fstream_type: 'Directory',
56 error   fstream_path: '/usr/local/lib/node_modules/express-generator',
56 error   fstream_class: 'DirWriter',
56 error   fstream_stack:
56 error    [ '/usr/local/lib/node_modules/npm/node_modules/fstream/lib/dir-writer.js:36:23',
56 error      '/usr/local/lib/node_modules/npm/node_modules/mkdirp/index.js:46:53',
56 error      'Object.oncomplete (fs.js:108:15)' ] }
57 error Please try running this command again as root/Administrator.
58 error System Darwin 14.1.0
59 error command "node" "/usr/local/bin/npm" "install" "-g" "express-generator"
60 error cwd /Users/zsjensen/Documents/CS360/angular
61 error node -v v0.10.36
62 error npm -v 1.4.28
63 error path /usr/local/lib/node_modules/express-generator
64 error fstream_path /usr/local/lib/node_modules/express-generator
65 error fstream_type Directory
66 error fstream_class DirWriter
67 error code EACCES
68 error errno 3
69 error stack Error: EACCES, mkdir '/usr/local/lib/node_modules/express-generator'
70 error fstream_stack /usr/local/lib/node_modules/npm/node_modules/fstream/lib/dir-writer.js:36:23
70 error fstream_stack /usr/local/lib/node_modules/npm/node_modules/mkdirp/index.js:46:53
70 error fstream_stack Object.oncomplete (fs.js:108:15)
71 verbose exit [ 3, true ]
